<?xml version="1.0" encoding="UTF-8"?>
<!-- Generated by org.testng.reporters.JUnitXMLReporter -->
<testsuite ignored="0" hostname="Jezz" failures="2" tests="7" name="Surefire test" time="133.407" errors="0" timestamp="2025-08-17T21:00:42 WIB">
  <testcase classname="com.example.java.base.BaseTest" name="@BeforeMethod setUp" time="19.857">
    <failure type="org.openqa.selenium.NoSuchElementException" message="no such element: Unable to locate element: {&amp;quot;method&amp;quot;:&amp;quot;xpath&amp;quot;,&amp;quot;selector&amp;quot;:&amp;quot;//h6[normalize-space()=&amp;apos;Dashboard&amp;apos;]&amp;quot;}
  (Session info: chrome=139.0.7258.128)
For documentation on this error, please visit: https://www.selenium.dev/documentation/webdriver/troubleshooting/errors#no-such-element-exception
Build info: version: &amp;apos;4.34.0&amp;apos;, revision: &amp;apos;707dcb4246*&amp;apos;
System info: os.name: &amp;apos;Windows 11&amp;apos;, os.arch: &amp;apos;amd64&amp;apos;, os.version: &amp;apos;10.0&amp;apos;, java.version: &amp;apos;11.0.28&amp;apos;
Driver info: org.openqa.selenium.chrome.ChromeDriver
Command: [6bd6e344c1f77fc2f191f80a0e6c3fcd, findElement {using=xpath, value=//h6[normalize-space()=&amp;apos;Dashboard&amp;apos;]}]
Capabilities {acceptInsecureCerts: false, browserName: chrome, browserVersion: 139.0.7258.128, chrome: {chromedriverVersion: 139.0.7258.68 (40ff94600b6e..., userDataDir: C:\Users\62812\AppData\Loca...}, fedcm:accounts: true, goog:chromeOptions: {debuggerAddress: localhost:62119}, networkConnectionEnabled: false, pageLoadStrategy: normal, platformName: windows, proxy: Proxy(), se:cdp: ws://localhost:62119/devtoo..., se:cdpVersion: 139.0.7258.128, setWindowRect: true, strictFileInteractability: false, timeouts: {implicit: 0, pageLoad: 300000, script: 30000}, unhandledPromptBehavior: dismiss and notify, webauthn:extension:credBlob: true, webauthn:extension:largeBlob: true, webauthn:extension:minPinLength: true, webauthn:extension:prf: true, webauthn:virtualAuthenticators: true}
Session ID: 6bd6e344c1f77fc2f191f80a0e6c3fcd">
      <![CDATA[org.openqa.selenium.NoSuchElementException: no such element: Unable to locate element: {"method":"xpath","selector":"//h6[normalize-space()='Dashboard']"}
  (Session info: chrome=139.0.7258.128)
For documentation on this error, please visit: https://www.selenium.dev/documentation/webdriver/troubleshooting/errors#no-such-element-exception
Build info: version: '4.34.0', revision: '707dcb4246*'
System info: os.name: 'Windows 11', os.arch: 'amd64', os.version: '10.0', java.version: '11.0.28'
Driver info: org.openqa.selenium.chrome.ChromeDriver
Command: [6bd6e344c1f77fc2f191f80a0e6c3fcd, findElement {using=xpath, value=//h6[normalize-space()='Dashboard']}]
Capabilities {acceptInsecureCerts: false, browserName: chrome, browserVersion: 139.0.7258.128, chrome: {chromedriverVersion: 139.0.7258.68 (40ff94600b6e..., userDataDir: C:\Users\62812\AppData\Loca...}, fedcm:accounts: true, goog:chromeOptions: {debuggerAddress: localhost:62119}, networkConnectionEnabled: false, pageLoadStrategy: normal, platformName: windows, proxy: Proxy(), se:cdp: ws://localhost:62119/devtoo..., se:cdpVersion: 139.0.7258.128, setWindowRect: true, strictFileInteractability: false, timeouts: {implicit: 0, pageLoad: 300000, script: 30000}, unhandledPromptBehavior: dismiss and notify, webauthn:extension:credBlob: true, webauthn:extension:largeBlob: true, webauthn:extension:minPinLength: true, webauthn:extension:prf: true, webauthn:virtualAuthenticators: true}
Session ID: 6bd6e344c1f77fc2f191f80a0e6c3fcd
at org.openqa.selenium.remote.ErrorCodec.decode(ErrorCodec.java:167)
at org.openqa.selenium.remote.codec.w3c.W3CHttpResponseCodec.decode(W3CHttpResponseCodec.java:138)
at org.openqa.selenium.remote.codec.w3c.W3CHttpResponseCodec.decode(W3CHttpResponseCodec.java:50)
at org.openqa.selenium.remote.HttpCommandExecutor.execute(HttpCommandExecutor.java:215)
at org.openqa.selenium.remote.service.DriverCommandExecutor.invokeExecute(DriverCommandExecutor.java:216)
at org.openqa.selenium.remote.service.DriverCommandExecutor.execute(DriverCommandExecutor.java:174)
at org.openqa.selenium.remote.RemoteWebDriver.execute(RemoteWebDriver.java:544)
at org.openqa.selenium.remote.ElementLocation$ElementFinder$2.findElement(ElementLocation.java:165)
at org.openqa.selenium.remote.ElementLocation.findElement(ElementLocation.java:59)
at org.openqa.selenium.remote.RemoteWebDriver.findElement(RemoteWebDriver.java:367)
at org.openqa.selenium.remote.RemoteWebDriver.findElement(RemoteWebDriver.java:361)
at com.example.java.page.LoginPage.getDashboardElement(LoginPage.java:24)
at com.example.java.base.BaseTest.loginAsAdmin(BaseTest.java:115)
at com.example.java.base.BaseTest.setUp(BaseTest.java:75)
at java.base/java.util.ArrayList.forEach(ArrayList.java:1541)
... Removed 40 stack frames]]>
    </failure>
  </testcase> <!-- @BeforeMethod setUp -->
  <testcase classname="com.example.java.testcases.PIMTest" name="@BeforeMethod setUpPIMPage" time="0.0">
    <skipped/>
  </testcase> <!-- @BeforeMethod setUpPIMPage -->
  <testcase classname="com.example.java.testcases.PIMTest" name="@BeforeMethod setUpPIMPage" time="0.0">
    <skipped/>
  </testcase> <!-- @BeforeMethod setUpPIMPage -->
  <testcase classname="com.example.java.testcases.PIMTest" name="@BeforeMethod setUpPIMPage" time="0.0">
    <skipped/>
  </testcase> <!-- @BeforeMethod setUpPIMPage -->
  <testcase classname="com.example.java.testcases.PIMTest" name="@BeforeMethod setUpPIMPage" time="0.0">
    <skipped/>
  </testcase> <!-- @BeforeMethod setUpPIMPage -->
  <testcase classname="com.example.java.testcases.PIMTest" name="testAddNewEmployee" time="10.201"/>
  <testcase classname="com.example.java.testcases.PIMTest" name="testAddNewEmployeeWithDuplicateEmployeeId" time="3.859">
    <failure type="java.lang.AssertionError" message="Employee was added with a duplicate employee ID, which is not expected. expected [true] but found [false]">
      <![CDATA[java.lang.AssertionError: Employee was added with a duplicate employee ID, which is not expected. expected [true] but found [false]
at com.example.java.testcases.PIMTest.testAddNewEmployeeWithDuplicateEmployeeId(PIMTest.java:73)
at java.base/java.util.ArrayList.forEach(ArrayList.java:1541)
... Removed 35 stack frames]]>
    </failure>
  </testcase> <!-- testAddNewEmployeeWithDuplicateEmployeeId -->
  <testcase classname="com.example.java.testcases.PIMTest" name="testAddNewEmployeeWithMissingFirstName" time="24.537">
    <failure type="java.lang.AssertionError" message="Employee was added without a first name, which is not expected. expected [true] but found [false]">
      <![CDATA[java.lang.AssertionError: Employee was added without a first name, which is not expected. expected [true] but found [false]
at com.example.java.testcases.PIMTest.testAddNewEmployeeWithMissingFirstName(PIMTest.java:52)
at java.base/java.util.ArrayList.forEach(ArrayList.java:1541)
... Removed 35 stack frames]]>
    </failure>
  </testcase> <!-- testAddNewEmployeeWithMissingFirstName -->
  <testcase classname="com.example.java.testcases.PIMTest" name="testAddNewEmployeeWithMissingLastName" time="0.0">
    <skipped/>
  </testcase> <!-- testAddNewEmployeeWithMissingLastName -->
  <testcase classname="com.example.java.testcases.PIMTest" name="testAddNewEmployeeWithWeakPassword" time="0.001">
    <skipped/>
  </testcase> <!-- testAddNewEmployeeWithWeakPassword -->
  <testcase classname="com.example.java.testcases.PIMTest" name="testCheckEmployeeOnEmployeeList" time="0.0">
    <skipped/>
  </testcase> <!-- testCheckEmployeeOnEmployeeList -->
  <testcase classname="com.example.java.testcases.PIMTest" name="testNavigateToPIM" time="0.0">
    <skipped/>
  </testcase> <!-- testNavigateToPIM -->
</testsuite> <!-- Surefire test -->
