<?xml version="1.0" encoding="UTF-8"?>
<!-- Generated by org.testng.reporters.JUnitXMLReporter -->
<testsuite ignored="0" hostname="Jezz" failures="0" tests="9" name="Dashboard-Section-Test" time="117.028" errors="0" timestamp="2025-08-24T13:00:20 WIB">
  <testcase classname="com.example.java.base.BaseTest" name="@BeforeMethod setUp" time="11.237">
    <failure type="org.openqa.selenium.NoSuchSessionException" message="invalid session id: session deleted as the browser has closed the connection
from disconnected: unable to send message to renderer
  (Session info: chrome=139.0.7258.128)
Build info: version: &amp;apos;4.35.0&amp;apos;, revision: &amp;apos;1c58e5028b&amp;apos;
System info: os.name: &amp;apos;Windows 11&amp;apos;, os.arch: &amp;apos;amd64&amp;apos;, os.version: &amp;apos;10.0&amp;apos;, java.version: &amp;apos;11.0.28&amp;apos;
Driver info: org.openqa.selenium.chrome.ChromeDriver
Command: [ce2bd4ffccd27fba5680e671be67e53a, findElement {using=css selector, value=input[placeholder=&amp;apos;Username&amp;apos;]}]
Capabilities {acceptInsecureCerts: false, browserName: chrome, browserVersion: 139.0.7258.128, chrome: {chromedriverVersion: 139.0.7258.138 (884e54ea8d4..., userDataDir: C:\Users\62812\AppData\Loca...}, fedcm:accounts: true, goog:chromeOptions: {debuggerAddress: localhost:50499}, networkConnectionEnabled: false, pageLoadStrategy: normal, platformName: windows, proxy: Proxy(), se:cdp: ws://localhost:50499/devtoo..., se:cdpVersion: 139.0.7258.128, setWindowRect: true, strictFileInteractability: false, timeouts: {implicit: 0, pageLoad: 300000, script: 30000}, unhandledPromptBehavior: dismiss and notify, webauthn:extension:credBlob: true, webauthn:extension:largeBlob: true, webauthn:extension:minPinLength: true, webauthn:extension:prf: true, webauthn:virtualAuthenticators: true}
Session ID: ce2bd4ffccd27fba5680e671be67e53a">
      <![CDATA[org.openqa.selenium.NoSuchSessionException: invalid session id: session deleted as the browser has closed the connection
from disconnected: unable to send message to renderer
  (Session info: chrome=139.0.7258.128)
Build info: version: '4.35.0', revision: '1c58e5028b'
System info: os.name: 'Windows 11', os.arch: 'amd64', os.version: '10.0', java.version: '11.0.28'
Driver info: org.openqa.selenium.chrome.ChromeDriver
Command: [ce2bd4ffccd27fba5680e671be67e53a, findElement {using=css selector, value=input[placeholder='Username']}]
Capabilities {acceptInsecureCerts: false, browserName: chrome, browserVersion: 139.0.7258.128, chrome: {chromedriverVersion: 139.0.7258.138 (884e54ea8d4..., userDataDir: C:\Users\62812\AppData\Loca...}, fedcm:accounts: true, goog:chromeOptions: {debuggerAddress: localhost:50499}, networkConnectionEnabled: false, pageLoadStrategy: normal, platformName: windows, proxy: Proxy(), se:cdp: ws://localhost:50499/devtoo..., se:cdpVersion: 139.0.7258.128, setWindowRect: true, strictFileInteractability: false, timeouts: {implicit: 0, pageLoad: 300000, script: 30000}, unhandledPromptBehavior: dismiss and notify, webauthn:extension:credBlob: true, webauthn:extension:largeBlob: true, webauthn:extension:minPinLength: true, webauthn:extension:prf: true, webauthn:virtualAuthenticators: true}
Session ID: ce2bd4ffccd27fba5680e671be67e53a
at org.openqa.selenium.remote.ErrorCodec.decode(ErrorCodec.java:167)
at org.openqa.selenium.remote.codec.w3c.W3CHttpResponseCodec.decode(W3CHttpResponseCodec.java:138)
at org.openqa.selenium.remote.codec.w3c.W3CHttpResponseCodec.decode(W3CHttpResponseCodec.java:50)
at org.openqa.selenium.remote.HttpCommandExecutor.execute(HttpCommandExecutor.java:215)
at org.openqa.selenium.remote.service.DriverCommandExecutor.invokeExecute(DriverCommandExecutor.java:216)
at org.openqa.selenium.remote.service.DriverCommandExecutor.execute(DriverCommandExecutor.java:174)
at org.openqa.selenium.remote.RemoteWebDriver.execute(RemoteWebDriver.java:557)
at org.openqa.selenium.remote.ElementLocation$ElementFinder$2.findElement(ElementLocation.java:165)
at org.openqa.selenium.remote.ElementLocation.findElement(ElementLocation.java:59)
at org.openqa.selenium.remote.RemoteWebDriver.findElement(RemoteWebDriver.java:380)
at org.openqa.selenium.remote.RemoteWebDriver.findElement(RemoteWebDriver.java:374)
at org.openqa.selenium.support.ui.ExpectedConditions$7.apply(ExpectedConditions.java:194)
at org.openqa.selenium.support.ui.ExpectedConditions$7.apply(ExpectedConditions.java:190)
at org.openqa.selenium.support.ui.FluentWait.until(FluentWait.java:203)
at com.example.java.page.LoginPage.navigateToLogin(LoginPage.java:30)
at com.example.java.base.BaseTest.loginAsAdmin(BaseTest.java:110)
at com.example.java.base.BaseTest.setUp(BaseTest.java:75)
at java.base/java.util.ArrayList.forEach(ArrayList.java:1541)
... Removed 39 stack frames]]>
    </failure>
  </testcase> <!-- @BeforeMethod setUp -->
  <testcase classname="com.example.java.testcases.DashboardTest" name="@BeforeMethod setUpDashboardPage" time="0.0">
    <skipped/>
  </testcase> <!-- @BeforeMethod setUpDashboardPage -->
  <testcase classname="com.example.java.testcases.DashboardTest" name="@BeforeMethod setUpDashboardPage" time="0.0">
    <skipped/>
  </testcase> <!-- @BeforeMethod setUpDashboardPage -->
  <testcase classname="com.example.java.testcases.DashboardTest" name="testClickAdminButton" time="2.971"/>
  <testcase classname="com.example.java.testcases.DashboardTest" name="testClickDirectoryButton" time="2.604"/>
  <testcase classname="com.example.java.testcases.DashboardTest" name="testClickLeaveButton" time="1.836"/>
  <testcase classname="com.example.java.testcases.DashboardTest" name="testClickMyInfoButton" time="1.601"/>
  <testcase classname="com.example.java.testcases.DashboardTest" name="testClickPIMButton" time="1.579"/>
  <testcase classname="com.example.java.testcases.DashboardTest" name="testClickPerformanceButton" time="1.576"/>
  <testcase classname="com.example.java.testcases.DashboardTest" name="testClickRecruitmentButton" time="1.576"/>
  <testcase classname="com.example.java.testcases.DashboardTest" name="testClickTimeButton" time="0.001">
    <skipped/>
  </testcase> <!-- testClickTimeButton -->
  <testcase classname="com.example.java.testcases.DashboardTest" name="testNavigateToDashboard" time="0.0">
    <skipped/>
  </testcase> <!-- testNavigateToDashboard -->
</testsuite> <!-- Dashboard-Section-Test -->
